<?xml version="1.0" encoding="UTF-8"?>
<!-- Generated by org.testng.reporters.JUnitXMLReporter -->
<testsuite ignored="0" hostname="Yeager" failures="2" tests="4" name="ErrorValidationTest" time="12.183" errors="0" timestamp="2024-02-21T16:41:15 IST">
  <testcase classname="AnkitSeleniumLearning.Tests.ErrorValidations" name="loginErrorValidation" time="0.711">
    <skipped/>
  </testcase> <!-- loginErrorValidation -->
  <testcase classname="AnkitSeleniumLearning.Tests.ErrorValidations" name="loginErrorValidation" time="0.678">
    <skipped/>
  </testcase> <!-- loginErrorValidation -->
  <testcase classname="AnkitSeleniumLearning.Tests.ErrorValidations" name="loginErrorValidation" time="0.597">
    <failure type="junit.framework.ComparisonFailure" message="expected:&amp;lt;......&amp;gt; but was:&amp;lt;... or ...&amp;gt;">
      <![CDATA[junit.framework.ComparisonFailure: expected:<......> but was:<... or ...>
at junit.framework.Assert.assertEquals(Assert.java:81)
at junit.framework.Assert.assertEquals(Assert.java:87)
at AnkitSeleniumLearning.Tests.ErrorValidations.loginErrorValidation(ErrorValidations.java:28)
at java.base/java.util.ArrayList.forEach(ArrayList.java:1511)
at java.base/java.util.concurrent.FutureTask.run(FutureTask.java:264)
at java.base/java.util.concurrent.ThreadPoolExecutor.runWorker(ThreadPoolExecutor.java:1136)
at java.base/java.util.concurrent.ThreadPoolExecutor$Worker.run(ThreadPoolExecutor.java:635)
at java.base/java.lang.Thread.run(Thread.java:842)
... Removed 18 stack frames]]>
    </failure>
  </testcase> <!-- loginErrorValidation -->
  <testcase classname="AnkitSeleniumLearning.Tests.ErrorValidations" name="loginErrorValidation" time="11.771">
    <failure type="java.lang.NullPointerException">
      <![CDATA[java.lang.NullPointerException
at java.base/java.io.File.<init>(File.java:278)
at AnkitSeleniumLearning.TestComponents.BaseTest.getScreenshot(BaseTest.java:82)
at AnkitSeleniumLearning.TestComponents.Listeners.onTestFailure(Listeners.java:52)
at java.base/java.util.ArrayList.forEach(ArrayList.java:1511)
at java.base/java.util.concurrent.FutureTask.run(FutureTask.java:264)
at java.base/java.util.concurrent.ThreadPoolExecutor.runWorker(ThreadPoolExecutor.java:1136)
at java.base/java.util.concurrent.ThreadPoolExecutor$Worker.run(ThreadPoolExecutor.java:635)
at java.base/java.lang.Thread.run(Thread.java:842)
... Removed 15 stack frames]]>
    </failure>
  </testcase> <!-- loginErrorValidation -->
</testsuite> <!-- ErrorValidationTest -->
