<?xml version="1.0" encoding="UTF-8"?>
<!-- Generated by org.testng.reporters.JUnitXMLReporter -->
<testsuite ignored="0" hostname="Yeager" failures="0" tests="4" name="SubmitOrderTest" time="32.247" errors="0" timestamp="2024-02-21T16:41:35 IST">
  <testcase classname="AnkitSeleniumLearning.Tests.SubmitOrderTest" name="submitOrder" time="9.112"/>
  <testcase classname="AnkitSeleniumLearning.Tests.SubmitOrderTest" name="submitOrder" time="8.866"/>
  <testcase classname="AnkitSeleniumLearning.Tests.SubmitOrderTest" name="orderHistory" time="0.814"/>
  <testcase classname="AnkitSeleniumLearning.Tests.SubmitOrderTest" name="orderHistory" time="0.737"/>
</testsuite> <!-- SubmitOrderTest -->
