<?xml version="1.0" encoding="UTF-8"?>
<!-- Generated by org.testng.reporters.JUnitXMLReporter -->
<testsuite ignored="0" hostname="Yeager" failures="0" tests="2" name="ErrorValidationTest" time="17.66" errors="0" timestamp="2024-02-23T17:14:24 IST">
  <testcase classname="AnkitSeleniumLearning.Tests.ErrorValidations" name="loginErrorValidation" time="1.423">
    <skipped/>
  </testcase> <!-- loginErrorValidation -->
  <testcase classname="AnkitSeleniumLearning.Tests.ErrorValidations" name="loginErrorValidation" time="1.278">
    <skipped/>
  </testcase> <!-- loginErrorValidation -->
</testsuite> <!-- ErrorValidationTest -->
