<?xml version="1.0" encoding="UTF-8"?>
<!-- Generated by org.testng.reporters.JUnitXMLReporter -->
<testsuite ignored="1" hostname="Yeager" failures="2" tests="2" name="Submit Order Test(failed)" time="0.047" errors="0" timestamp="2024-02-16T02:55:10 IST">
  <testcase classname="AnkitSeleniumLearning.Tests.SubmitOrderTest" name="submitOrder" time="0.006">
    <failure type="java.lang.NullPointerException" message="Cannot invoke &amp;quot;AnkitSeleniumLearning.pageObjects.LandingPage.loginApplication(String, String)&amp;quot; because &amp;quot;this.landingPage&amp;quot; is null">
      <![CDATA[java.lang.NullPointerException: Cannot invoke "AnkitSeleniumLearning.pageObjects.LandingPage.loginApplication(String, String)" because "this.landingPage" is null
at AnkitSeleniumLearning.Tests.SubmitOrderTest.submitOrder(SubmitOrderTest.java:40)
at java.base/java.util.ArrayList.forEach(ArrayList.java:1511)
at java.base/java.util.concurrent.FutureTask.run(FutureTask.java:264)
at java.base/java.util.concurrent.ThreadPoolExecutor.runWorker(ThreadPoolExecutor.java:1136)
at java.base/java.util.concurrent.ThreadPoolExecutor$Worker.run(ThreadPoolExecutor.java:635)
at java.base/java.lang.Thread.run(Thread.java:842)
... Removed 18 stack frames]]>
    </failure>
  </testcase> <!-- submitOrder -->
  <testcase classname="AnkitSeleniumLearning.Tests.SubmitOrderTest" name="submitOrder" time="0.003">
    <failure type="java.lang.NullPointerException" message="Cannot invoke &amp;quot;AnkitSeleniumLearning.pageObjects.LandingPage.loginApplication(String, String)&amp;quot; because &amp;quot;this.landingPage&amp;quot; is null">
      <![CDATA[java.lang.NullPointerException: Cannot invoke "AnkitSeleniumLearning.pageObjects.LandingPage.loginApplication(String, String)" because "this.landingPage" is null
at AnkitSeleniumLearning.Tests.SubmitOrderTest.submitOrder(SubmitOrderTest.java:40)
at java.base/java.util.ArrayList.forEach(ArrayList.java:1511)
at java.base/java.util.concurrent.FutureTask.run(FutureTask.java:264)
at java.base/java.util.concurrent.ThreadPoolExecutor.runWorker(ThreadPoolExecutor.java:1136)
at java.base/java.util.concurrent.ThreadPoolExecutor$Worker.run(ThreadPoolExecutor.java:635)
at java.base/java.lang.Thread.run(Thread.java:842)
... Removed 18 stack frames]]>
    </failure>
  </testcase> <!-- submitOrder -->
  <testcase classname="AnkitSeleniumLearning.Tests.SubmitOrderTest" name="orderHistory" time="0.0">
    <ignored/>
  </testcase> <!-- orderHistory -->
</testsuite> <!-- Submit Order Test(failed) -->
